# JRE version: OpenJDK Runtime Environment (15.0.2+7) (build 15.0.2+7-27)
# Java VM: OpenJDK 64-Bit Server VM (15.0.2+7-27, mixed mode, tiered, compressed oops, g1 gc, windows-amd64)
GC Precious Log:
 CPUs: 12 total, 12 available
 Memory: 16334M
 Large Page Support: Disabled
 NUMA Support: Disabled
 Compressed Oops: Enabled (Zero based)
 Heap Region Size: 2M
 Heap Min Capacity: 8M
 Heap Initial Capacity: 256M
 Heap Max Capacity: 4084M
 Pre-touch: Disabled
 Parallel Workers: 10
 Concurrent Workers: 3
 Concurrent Refinement Workers: 10
 Periodic GC: Disabled
Heap:
 garbage-first heap   total 40960K, used 8953K [0x0000000700c00000, 0x0000000800000000)
  region size 2048K, 2 young (4096K), 1 survivors (2048K)
 Metaspace       used 26899K, capacity 27183K, committed 27440K, reserved 1073152K
  class space    used 2815K, capacity 2929K, committed 2944K, reserved 1048576K
GC Heap History (12 events):
Event: 0.672 GC heap before
{Heap before GC invocations=0 (full 0):
 garbage-first heap   total 262144K, used 22528K [0x0000000700c00000, 0x0000000800000000)
  region size 2048K, 11 young (22528K), 0 survivors (0K)
 Metaspace       used 12586K, capacity 12756K, committed 13056K, reserved 1060864K
  class space    used 1179K, capacity 1223K, committed 1280K, reserved 1048576K
}
Event: 0.675 GC heap after
{Heap after GC invocations=1 (full 0):
 garbage-first heap   total 262144K, used 4722K [0x0000000700c00000, 0x0000000800000000)
  region size 2048K, 2 young (4096K), 2 survivors (4096K)
 Metaspace       used 12586K, capacity 12756K, committed 13056K, reserved 1060864K
  class space    used 1179K, capacity 1223K, committed 1280K, reserved 1048576K
}
Event: 0.915 GC heap before
{Heap before GC invocations=1 (full 0):
 garbage-first heap   total 262144K, used 33394K [0x0000000700c00000, 0x0000000800000000)
  region size 2048K, 16 young (32768K), 2 survivors (4096K)
 Metaspace       used 15935K, capacity 16137K, committed 16256K, reserved 1064960K
  class space    used 1480K, capacity 1561K, committed 1664K, reserved 1048576K
}
Event: 0.918 GC heap after
{Heap after GC invocations=2 (full 0):
 garbage-first heap   total 262144K, used 5333K [0x0000000700c00000, 0x0000000800000000)
  region size 2048K, 1 young (2048K), 1 survivors (2048K)
 Metaspace       used 15935K, capacity 16137K, committed 16256K, reserved 1064960K
  class space    used 1480K, capacity 1561K, committed 1664K, reserved 1048576K
}
Event: 1.349 GC heap before
{Heap before GC invocations=2 (full 0):
 garbage-first heap   total 262144K, used 42197K [0x0000000700c00000, 0x0000000800000000)
  region size 2048K, 20 young (40960K), 1 survivors (2048K)
 Metaspace       used 20967K, capacity 21176K, committed 21296K, reserved 1069056K
  class space    used 2082K, capacity 2167K, committed 2176K, reserved 1048576K
}
Event: 1.352 GC heap after
{Heap after GC invocations=3 (full 0):
 garbage-first heap   total 262144K, used 7233K [0x0000000700c00000, 0x0000000800000000)
  region size 2048K, 2 young (4096K), 2 survivors (4096K)
 Metaspace       used 20967K, capacity 21176K, committed 21296K, reserved 1069056K
  class space    used 2082K, capacity 2167K, committed 2176K, reserved 1048576K
}
Event: 2.050 GC heap before
{Heap before GC invocations=4 (full 0):
 garbage-first heap   total 40960K, used 27713K [0x0000000700c00000, 0x0000000800000000)
  region size 2048K, 12 young (24576K), 2 survivors (4096K)
 Metaspace       used 23496K, capacity 23724K, committed 23984K, reserved 1071104K
  class space    used 2418K, capacity 2503K, committed 2560K, reserved 1048576K
}
Event: 2.053 GC heap after
{Heap after GC invocations=5 (full 0):
 garbage-first heap   total 40960K, used 8210K [0x0000000700c00000, 0x0000000800000000)
  region size 2048K, 1 young (2048K), 1 survivors (2048K)
 Metaspace       used 23496K, capacity 23724K, committed 23984K, reserved 1071104K
  class space    used 2418K, capacity 2503K, committed 2560K, reserved 1048576K
}
Event: 2.717 GC heap before
{Heap before GC invocations=5 (full 0):
 garbage-first heap   total 40960K, used 22546K [0x0000000700c00000, 0x0000000800000000)
  region size 2048K, 9 young (18432K), 1 survivors (2048K)
 Metaspace       used 25852K, capacity 26129K, committed 26288K, reserved 1073152K
  class space    used 2693K, capacity 2792K, committed 2816K, reserved 1048576K
}
Event: 2.719 GC heap after
{Heap after GC invocations=6 (full 0):
 garbage-first heap   total 40960K, used 8621K [0x0000000700c00000, 0x0000000800000000)
  region size 2048K, 1 young (2048K), 1 survivors (2048K)
 Metaspace       used 25852K, capacity 26129K, committed 26288K, reserved 1073152K
  class space    used 2693K, capacity 2792K, committed 2816K, reserved 1048576K
}
Event: 427.716 GC heap before
{Heap before GC invocations=6 (full 0):
 garbage-first heap   total 40960K, used 27053K [0x0000000700c00000, 0x0000000800000000)
  region size 2048K, 10 young (20480K), 1 survivors (2048K)
 Metaspace       used 26869K, capacity 27151K, committed 27440K, reserved 1073152K
  class space    used 2811K, capacity 2897K, committed 2944K, reserved 1048576K
}
Event: 427.718 GC heap after
{Heap after GC invocations=7 (full 0):
 garbage-first heap   total 40960K, used 8953K [0x0000000700c00000, 0x0000000800000000)
  region size 2048K, 1 young (2048K), 1 survivors (2048K)
 Metaspace       used 26869K, capacity 27151K, committed 27440K, reserved 1073152K
  class space    used 2811K, capacity 2897K, committed 2944K, reserved 1048576K
}

