<?xml version="1.0" encoding="UTF-8"?>
<!-- Generated by org.testng.reporters.JUnitXMLReporter -->
<testsuite ignored="0" hostname="Desktop-Gaston" failures="1" tests="4" name="Account Tab test" time="105.382" errors="0" timestamp="2021-09-06T16:21:06 UYT">
  <testcase classname="testNGClasses.AccountTab" name="parte2" time="8.944"/>
  <testcase classname="testNGClasses.AccountTab" name="parte3" time="7.182">
    <failure type="java.lang.AssertionError" message="Faltan datos en Account Name expected [true] but found [false]">
      <![CDATA[java.lang.AssertionError: Faltan datos en Account Name expected [true] but found [false]
at testNGClasses.AccountTab.check(AccountTab.java:210)
at testNGClasses.AccountTab.parte3(AccountTab.java:55)
at java.base/java.util.ArrayList.forEach(ArrayList.java:1511)
... Removed 30 stack frames]]>
    </failure>
  </testcase> <!-- parte3 -->
  <testcase classname="testNGClasses.AccountTab" name="parte5" time="9.695"/>
  <testcase classname="testNGClasses.AccountTab" name="parte6" time="8.492"/>
</testsuite> <!-- Account Tab test -->
